
The following files have been resolved:
   org.springframework.security:spring-security-config:jar:4.1.0.RELEASE:compile
   com.fasterxml.jackson.core:jackson-annotations:jar:2.8.0:compile
   javax.servlet:jsp-api:jar:2.0:compile
   org.springframework:spring-expression:jar:4.2.6.RELEASE:compile
   aopalliance:aopalliance:jar:1.0:compile
   org.aspectj:aspectjrt:jar:1.8.9:compile
   javax.validation:validation-api:jar:2.0.0.Alpha1:compile
   org.springframework:spring-orm:jar:4.3.1.RELEASE:compile
   jstl:jstl:jar:1.2:compile
   org.apache.commons:commons-lang3:jar:3.0:compile
   cglib:cglib:jar:3.2.4:compile
   commons-pool:commons-pool:jar:1.5.4:compile
   org.springframework.security:spring-security-taglibs:jar:4.1.0.RELEASE:compile
   org.springframework:spring-beans:jar:4.3.1.RELEASE:compile
   org.springframework:spring-web:jar:4.3.1.RELEASE:compile
   com.fasterxml.jackson.core:jackson-databind:jar:2.8.0:compile
   com.google.code.gson:gson:jar:2.3.1:compile
   com.fasterxml.jackson.core:jackson-core:jar:2.8.0:compile
   org.apache.ant:ant:jar:1.9.6:compile
   org.springframework:spring-jdbc:jar:4.3.1.RELEASE:compile
   org.springframework:spring-aspects:jar:4.3.1.RELEASE:compile
   org.springframework:spring-context:jar:4.3.1.RELEASE:compile
   commons-dbcp:commons-dbcp:jar:1.4:compile
   org.springframework.security:spring-security-acl:jar:4.1.0.RELEASE:compile
   org.apache.logging.log4j:log4j-core:jar:2.2:compile
   org.springframework.security:spring-security-core:jar:4.1.0.RELEASE:compile
   org.springframework.data:spring-data-commons:jar:1.12.2.RELEASE:compile
   org.apache.ant:ant-launcher:jar:1.9.6:compile
   org.springframework:spring-core:jar:4.3.1.RELEASE:compile
   commons-logging:commons-logging:jar:1.2:compile
   org.mongodb:mongo-java-driver:jar:3.2.2:compile
   javax.mail:mail:jar:1.4.7:compile
   ai.api:libai:jar:1.1.0:compile
   org.slf4j:jcl-over-slf4j:jar:1.7.21:compile
   org.aspectj:aspectjweaver:jar:1.8.9:compile
   org.springframework.security:spring-security-web:jar:4.1.0.RELEASE:compile
   org.springframework:spring-tx:jar:4.3.1.RELEASE:compile
   javax.activation:activation:jar:1.1:compile
   javax.servlet:servlet-api:jar:2.4:compile
   org.springframework.data:spring-data-mongodb:jar:1.9.2.RELEASE:compile
   org.springframework:spring-webmvc:jar:4.3.1.RELEASE:compile
   org.slf4j:slf4j-api:jar:1.7.21:compile
   javax.inject:javax.inject:jar:1:compile
   ch.qos.logback:logback-classic:jar:1.1.7:compile
   org.springframework:spring-aop:jar:4.3.1.RELEASE:compile
   org.apache.logging.log4j:log4j-api:jar:2.2:compile
   org.apache.logging.log4j:log4j-slf4j-impl:jar:2.2:compile
   ch.qos.logback:logback-core:jar:1.1.7:compile
   org.ow2.asm:asm:jar:5.1:compile
   org.json:json:jar:20090211:compile

